#
# A fatal error has been detected by the Java Runtime Environment:
#
#  SIGSEGV (0xb) at pc=0x000000012c8dd455, pid=23859, tid=65283
#
# JRE version: Java(TM) SE Runtime Environment (10.0.2+13) (build 10.0.2+13)
# Java VM: Java HotSpot(TM) 64-Bit Server VM (10.0.2+13, mixed mode, tiered, compressed oops, g1 gc, bsd-amd64)
# Problematic frame:
# C  [libawt_lwawt.dylib+0x1c455]  OGLSD_SetScratchSurface+0x2d
#
# No core dump will be written. Core dumps have been disabled. To enable core dumping, try "ulimit -c unlimited" before starting Java again
#
# If you would like to submit a bug report, please visit:
#   http://bugreport.java.com/bugreport/crash.jsp
# The crash happened outside the Java Virtual Machine in native code.
# See problematic frame for where to report the bug.
#

---------------  S U M M A R Y ------------

Command Line: -Dfile.encoding=UTF-8 MandelbrotZoom2

Host: MacBookAir7,2 x86_64 1600 MHz, 4 cores, 4G, Darwin 16.7.0
Time: Fri Apr 26 09:20:16 2019 EDT elapsed time: 31787 seconds (0d 8h 49m 47s)

---------------  T H R E A D  ---------------

Current thread (0x00007f8d6f206800):  JavaThread "Java2D Queue Flusher" daemon [_thread_in_native, id=65283, stack(0x0000700007307000,0x0000700007407000)]

Stack: [0x0000700007307000,0x0000700007407000],  sp=0x0000700007406820,  free space=1022k
Native frames: (J=compiled Java code, A=aot compiled Java code, j=interpreted, Vv=VM code, C=native code)
C  [libawt_lwawt.dylib+0x1c455]  OGLSD_SetScratchSurface+0x2d
C  [libawt_lwawt.dylib+0x41d83]  Java_sun_java2d_opengl_OGLRenderQueue_flushBuffer+0x643
J 1269  sun.java2d.opengl.OGLRenderQueue.flushBuffer(JI)V java.desktop@10.0.2 (0 bytes) @ 0x00000001251af16d [0x00000001251af0c0+0x00000000000000ad]
J 1266 c1 sun.java2d.opengl.OGLRenderQueue.flushBuffer()V java.desktop@10.0.2 (41 bytes) @ 0x000000011ddbd71c [0x000000011ddbd600+0x000000000000011c]
J 1739% c1 sun.java2d.opengl.OGLRenderQueue$QueueFlusher.run()V java.desktop@10.0.2 (234 bytes) @ 0x000000011df11134 [0x000000011df10aa0+0x0000000000000694]
j  java.lang.Thread.run()V+11 java.base@10.0.2
v  ~StubRoutines::call_stub
V  [libjvm.dylib+0x3d8c0e]  JavaCalls::call_helper(JavaValue*, methodHandle const&, JavaCallArguments*, Thread*)+0x216
V  [libjvm.dylib+0x3d8222]  JavaCalls::call_virtual(JavaValue*, Klass*, Symbol*, Symbol*, JavaCallArguments*, Thread*)+0x12a
V  [libjvm.dylib+0x3d82e2]  JavaCalls::call_virtual(JavaValue*, Handle, Klass*, Symbol*, Symbol*, Thread*)+0x6a
V  [libjvm.dylib+0x454078]  thread_entry(JavaThread*, Thread*)+0x77
V  [libjvm.dylib+0x74679c]  JavaThread::thread_main_inner()+0x86
V  [libjvm.dylib+0x633a5f]  thread_native_entry(Thread*)+0x12b
C  [libsystem_pthread.dylib+0x393b]  _pthread_body+0xb4
C  [libsystem_pthread.dylib+0x3887]  _pthread_body+0x0
C  [libsystem_pthread.dylib+0x308d]  thread_start+0xd
C  0x0000000000000000

Java frames: (J=compiled Java code, j=interpreted, Vv=VM code)
J 1269  sun.java2d.opengl.OGLRenderQueue.flushBuffer(JI)V java.desktop@10.0.2 (0 bytes) @ 0x00000001251af0f8 [0x00000001251af0c0+0x0000000000000038]
J 1266 c1 sun.java2d.opengl.OGLRenderQueue.flushBuffer()V java.desktop@10.0.2 (41 bytes) @ 0x000000011ddbd71c [0x000000011ddbd600+0x000000000000011c]
J 1739% c1 sun.java2d.opengl.OGLRenderQueue$QueueFlusher.run()V java.desktop@10.0.2 (234 bytes) @ 0x000000011df11134 [0x000000011df10aa0+0x0000000000000694]
j  java.lang.Thread.run()V+11 java.base@10.0.2
v  ~StubRoutines::call_stub

siginfo: si_signo: 11 (SIGSEGV), si_code: 0 (unknown), si_addr: 0x0000000000000000

Register to memory mapping:

RAX=0x00007f8d7029f038 is an unknown value
RBX=0xede6400000000034 is an unknown value
RCX=0x00007f8d7029f040 is an unknown value
RDX=0x00007f8d6f2a2a00 is an unknown value
RSP=0x0000700007406820 is pointing into the stack for thread: 0x00007f8d6f206800
RBP=0x0000700007406850 is pointing into the stack for thread: 0x00007f8d6f206800
RSI=0x00007f8d70faf4a0 is an unknown value
RDI=0x00007f8d7029f038 is an unknown value
R8 =0x000000000000030a is an unknown value
R9 =0x000000000083e824 is an unknown value
R10=0x00000001251af0f8 is at entry_point+56 in (nmethod*)0x00000001251aef10
R11=0xffffffff00000000 is an unknown value
R12=0x00007f8d6f2a2a08 is an unknown value
R13=0x0000700007600003 is pointing into the stack for thread: 0x00007f8d6f9dd800
R14=0x00007f8d7029f038 is an unknown value
R15=0x00007f8d6f206a70 is an unknown value


Registers:
RAX=0x00007f8d7029f038, RBX=0xede6400000000034, RCX=0x00007f8d7029f040, RDX=0x00007f8d6f2a2a00
RSP=0x0000700007406820, RBP=0x0000700007406850, RSI=0x00007f8d70faf4a0, RDI=0x00007f8d7029f038
R8 =0x000000000000030a, R9 =0x000000000083e824, R10=0x00000001251af0f8, R11=0xffffffff00000000
R12=0x00007f8d6f2a2a08, R13=0x0000700007600003, R14=0x00007f8d7029f038, R15=0x00007f8d6f206a70
RIP=0x000000012c8dd455, EFLAGS=0x0000000000010202, ERR=0x0000000000000000
  TRAPNO=0x000000000000000d

Top of Stack: (sp=0x0000700007406820)
0x0000700007406820:   000000012c902d5b 00007f8d6f2a2a10
0x0000700007406830:   00007f8d6f2a2a08 00007f8d6f2a2a20
0x0000700007406840:   0000700007406998 00007f8d70faf4a0
0x0000700007406850:   00007000074068d0 000000012c902d83
0x0000700007406860:   0000700007406880 000000010c365867
0x0000700007406870:   0000700007406880 000000010c365819
0x0000700007406880:   0000700007406890 000000010c365719
0x0000700007406890:   00007000074068b0 000000000c36569e
0x00007000074068a0:   00007f8d6f206a70 0000000134482cb0
0x00007000074068b0:   0000000000000000 0000000000000000
0x00007000074068c0:   0000700007406998 00007f8d6f206800
0x00007000074068d0:   0000700007406920 00000001251af16d
0x00007000074068e0:   0000000780a2bd00 00007f8d00000005
0x00007000074068f0:   00007f8d6f206800 000000010c365501
0x0000700007406900:   00007f8d6e47b0a0 000000078090bf00
0x0000700007406910:   00007f8d6f206800 00007f8d6f206800
0x0000700007406920:   0000700007406ae8 000000011ddbd71c
0x0000700007406930:   0000700007406998 00007f8d6f206800
0x0000700007406940:   0000700007406990 00000001251a94eb
0x0000700007406950:   000000078090bf90 00000001251c2802
0x0000700007406960:   00000001120bda10 0000000000000001
0x0000700007406970:   00007f8d6e66f460 00000001251c2580
0x0000700007406980:   0000000780a2bd00 0000000000000202
0x0000700007406990:   0000700007406ae8 000000011df11134
0x00007000074069a0:   0000700007406a10 0000000000000000
0x00007000074069b0:   0000000000000000 0000000000000000
0x00007000074069c0:   0000000000000000 0000000000000000
0x00007000074069d0:   000000011df10690 0000000000000000
0x00007000074069e0:   0000700007406a90 00007f8d6f206800
0x00007000074069f0:   0000700007406a68 000000011d688a2d
0x0000700007406a00:   000000011d678f43 000000011d6889f6
0x0000700007406a10:   0000000100000001 000000078090bf90 

Instructions: (pc=0x000000012c8dd455)
0x000000012c8dd435:   50 49 89 ff 48 85 f6 74 57 4c 8b 6e 10 4d 85 ed
0x000000012c8dd445:   74 57 49 8b 5d 00 31 c0 e8 08 f4 02 00 49 89 c6
0x000000012c8dd455:   48 8b 3b 48 8b 35 f1 77 06 00 ff 15 c3 b0 05 00
0x000000012c8dd465:   48 85 c0 74 53 48 8b 3d 6f 83 06 00 48 8b 35 e0 


---------------  P R O C E S S  ---------------

Threads class SMR info:
_java_thread_list=0x00007f8d6e7cced0, length=16, elements={
0x00007f8d6e82e800, 0x00007f8d7004d000, 0x00007f8d7004c000, 0x00007f8d6f829800,
0x00007f8d6f006800, 0x00007f8d7004f800, 0x00007f8d70050800, 0x00007f8d6e800800,
0x00007f8d70051800, 0x00007f8d6e8c6000, 0x00007f8d70114000, 0x00007f8d6f058000,
0x00007f8d6f206800, 0x00007f8d6ef0c000, 0x00007f8d6f9dd800, 0x00007f8d7039e000
}

Java Threads: ( => current thread )
  0x00007f8d6e82e800 JavaThread "Reference Handler" daemon [_thread_blocked, id=17923, stack(0x00007000064d7000,0x00007000065d7000)]
  0x00007f8d7004d000 JavaThread "Finalizer" daemon [_thread_blocked, id=18691, stack(0x00007000065da000,0x00007000066da000)]
  0x00007f8d7004c000 JavaThread "Signal Dispatcher" daemon [_thread_blocked, id=23299, stack(0x0000700006760000,0x0000700006860000)]
  0x00007f8d6f829800 JavaThread "C2 CompilerThread0" daemon [_thread_blocked, id=24067, stack(0x0000700006863000,0x0000700006963000)]
  0x00007f8d6f006800 JavaThread "C2 CompilerThread1" daemon [_thread_blocked, id=24835, stack(0x0000700006966000,0x0000700006a66000)]
  0x00007f8d7004f800 JavaThread "C1 CompilerThread2" daemon [_thread_blocked, id=25603, stack(0x0000700006a69000,0x0000700006b69000)]
  0x00007f8d70050800 JavaThread "Sweeper thread" daemon [_thread_blocked, id=26371, stack(0x0000700006b6c000,0x0000700006c6c000)]
  0x00007f8d6e800800 JavaThread "Service Thread" daemon [_thread_blocked, id=27139, stack(0x0000700006c6f000,0x0000700006d6f000)]
  0x00007f8d70051800 JavaThread "Common-Cleaner" daemon [_thread_blocked, id=27907, stack(0x0000700006d72000,0x0000700006e72000)]
  0x00007f8d6e8c6000 JavaThread "TimerQueue" daemon [_thread_blocked, id=29447, stack(0x0000700006f78000,0x0000700007078000)]
  0x00007f8d70114000 JavaThread "AppKit Thread" daemon [_thread_in_native, id=775, stack(0x00007fff541cd000,0x00007fff549cd000)]
  0x00007f8d6f058000 JavaThread "AWT-Shutdown" [_thread_blocked, id=40963, stack(0x00007000070fe000,0x00007000071fe000)]
=>0x00007f8d6f206800 JavaThread "Java2D Queue Flusher" daemon [_thread_in_native, id=65283, stack(0x0000700007307000,0x0000700007407000)]
  0x00007f8d6ef0c000 JavaThread "Java2D Disposer" daemon [_thread_blocked, id=72963, stack(0x000070000740a000,0x000070000750a000)]
  0x00007f8d6f9dd800 JavaThread "AWT-EventQueue-0" [_thread_in_vm_trans, id=74003, stack(0x000070000750d000,0x000070000760d000)]
  0x00007f8d7039e000 JavaThread "DestroyJavaVM" [_thread_blocked, id=7683, stack(0x000000010b2aa000,0x000000010b3aa000)]

Other Threads:
  0x00007f8d70044000 VMThread "VM Thread" [stack: 0x00007000063d4000,0x00007000064d4000] [id=17155]
  0x00007f8d6f008800 WatcherThread [stack: 0x0000700006e75000,0x0000700006f75000] [id=28419]
  0x00007f8d70007800 GCTaskThread "GC Thread#0" [stack: 0x00007000058b3000,0x00007000059b3000] [id=11011]
  0x00007f8d70008000 GCTaskThread "GC Thread#1" [stack: 0x00007000059b6000,0x0000700005ab6000] [id=11523]
  0x00007f8d70009000 GCTaskThread "GC Thread#2" [stack: 0x0000700005ab9000,0x0000700005bb9000] [id=12035]
  0x00007f8d70009800 GCTaskThread "GC Thread#3" [stack: 0x0000700005bbc000,0x0000700005cbc000] [id=12547]
  0x00007f8d70020000 ConcurrentGCThread "G1 Main Marker" [stack: 0x0000700005cbf000,0x0000700005dbf000] [id=13059]
  0x00007f8d70020800 ConcurrentGCThread "G1 Conc#0" [stack: 0x0000700005dc2000,0x0000700005ec2000] [id=14083]
  0x00007f8d70041800 ConcurrentGCThread "G1 Refine#0" [stack: 0x0000700005ec5000,0x0000700005fc5000] [id=14595]
  0x00007f8d6f80e800 ConcurrentGCThread "G1 Refine#1" [stack: 0x0000700005fc8000,0x00007000060c8000] [id=15107]
  0x00007f8d6f80f000 ConcurrentGCThread "G1 Refine#2" [stack: 0x00007000060cb000,0x00007000061cb000] [id=15619]
  0x00007f8d6f810000 ConcurrentGCThread "G1 Refine#3" [stack: 0x00007000061ce000,0x00007000062ce000] [id=16131]
  0x00007f8d6f810800 ConcurrentGCThread "G1 Young RemSet Sampling" [stack: 0x00007000062d1000,0x00007000063d1000] [id=16643]

Threads with active compile tasks:

VM state:not at safepoint (normal execution)

VM Mutex/Monitor currently owned by a thread: None

Heap address: 0x0000000780000000, size: 1024 MB, Compressed Oops mode: Zero based, Oop shift amount: 3
Narrow klass base: 0x0000000000000000, Narrow klass shift: 3
Compressed class space size: 1073741824 Address: 0x00000007c0000000

Heap:
 garbage-first heap   total 78848K, used 36242K [0x0000000780000000, 0x00000007c0000000)
  region size 1024K, 10 young (10240K), 3 survivors (3072K)
 Metaspace       used 15010K, capacity 15282K, committed 16000K, reserved 1062912K
  class space    used 1496K, capacity 1634K, committed 1920K, reserved 1048576K
Heap Regions: E=young(eden), S=young(survivor), O=old, HS=humongous(starts), HC=humongous(continues), CS=collection set, F=free, A=archive, TS=gc time stamp, AC=allocation context, TAMS=top-at-mark-start (previous, next)
|   0|0x0000000780000000, 0x0000000780044200, 0x0000000780100000| 26%| O|  |TS  1|AC  0|TAMS 0x0000000780000000, 0x0000000780000000|
|   1|0x0000000780100000, 0x0000000780100000, 0x0000000780200000|  0%| F|  |TS  0|AC  0|TAMS 0x0000000780100000, 0x0000000780100000|
|   2|0x0000000780200000, 0x0000000780200000, 0x0000000780300000|  0%| F|  |TS  0|AC  0|TAMS 0x0000000780200000, 0x0000000780200000|
|   3|0x0000000780300000, 0x0000000780300000, 0x0000000780400000|  0%| F|  |TS  0|AC  0|TAMS 0x0000000780300000, 0x0000000780300000|
|   4|0x0000000780400000, 0x0000000780500000, 0x0000000780500000|100%| O|  |TS  0|AC  0|TAMS 0x0000000780500000, 0x0000000780500000|
|   5|0x0000000780500000, 0x0000000780600000, 0x0000000780600000|100%| O|  |TS  0|AC  0|TAMS 0x0000000780600000, 0x0000000780600000|
|   6|0x0000000780600000, 0x0000000780600000, 0x0000000780700000|  0%| F|  |TS  0|AC  0|TAMS 0x0000000780600000, 0x0000000780600000|
|   7|0x0000000780700000, 0x0000000780700000, 0x0000000780800000|  0%| F|  |TS  0|AC  0|TAMS 0x0000000780700000, 0x0000000780700000|
|   8|0x0000000780800000, 0x0000000780800000, 0x0000000780900000|  0%| F|  |TS  0|AC  0|TAMS 0x0000000780800000, 0x0000000780800000|
|   9|0x0000000780900000, 0x0000000780a00000, 0x0000000780a00000|100%| O|  |TS  0|AC  0|TAMS 0x0000000780a00000, 0x0000000780a00000|
|  10|0x0000000780a00000, 0x0000000780b00000, 0x0000000780b00000|100%| O|  |TS  0|AC  0|TAMS 0x0000000780b00000, 0x0000000780b00000|
|  11|0x0000000780b00000, 0x0000000780c00000, 0x0000000780c00000|100%| O|  |TS  0|AC  0|TAMS 0x0000000780c00000, 0x0000000780c00000|
|  12|0x0000000780c00000, 0x0000000780d00000, 0x0000000780d00000|100%| O|  |TS  0|AC  0|TAMS 0x0000000780d00000, 0x0000000780d00000|
|  13|0x0000000780d00000, 0x0000000780e00000, 0x0000000780e00000|100%| O|  |TS  0|AC  0|TAMS 0x0000000780e00000, 0x0000000780e00000|
|  14|0x0000000780e00000, 0x0000000780f00000, 0x0000000780f00000|100%| O|  |TS  0|AC  0|TAMS 0x0000000780f00000, 0x0000000780f00000|
|  15|0x0000000780f00000, 0x0000000781000000, 0x0000000781000000|100%| O|  |TS  0|AC  0|TAMS 0x0000000781000000, 0x0000000781000000|
|  16|0x0000000781000000, 0x0000000781100000, 0x0000000781100000|100%| O|  |TS  0|AC  0|TAMS 0x0000000781100000, 0x0000000781100000|
|  17|0x0000000781100000, 0x0000000781200000, 0x0000000781200000|100%| O|  |TS  0|AC  0|TAMS 0x0000000781200000, 0x0000000781200000|
|  18|0x0000000781200000, 0x0000000781300000, 0x0000000781300000|100%|HS|  |TS  0|AC  0|TAMS 0x0000000781300000, 0x0000000781300000|
|  19|0x0000000781300000, 0x0000000781400000, 0x0000000781400000|100%| O|  |TS  0|AC  0|TAMS 0x0000000781400000, 0x0000000781400000|
|  20|0x0000000781400000, 0x0000000781500000, 0x0000000781500000|100%| O|  |TS  0|AC  0|TAMS 0x0000000781500000, 0x0000000781500000|
|  21|0x0000000781500000, 0x0000000781600000, 0x0000000781600000|100%| O|  |TS  0|AC  0|TAMS 0x0000000781600000, 0x0000000781600000|
|  22|0x0000000781600000, 0x0000000781700000, 0x0000000781700000|100%| O|  |TS  0|AC  0|TAMS 0x0000000781700000, 0x0000000781700000|
|  23|0x0000000781700000, 0x0000000781800000, 0x0000000781800000|100%| O|  |TS  1|AC  0|TAMS 0x0000000781786000, 0x0000000781786000|
|  24|0x0000000781800000, 0x0000000781900000, 0x0000000781900000|100%|HS|  |TS  0|AC  0|TAMS 0x0000000781900000, 0x0000000781900000|
|  25|0x0000000781900000, 0x0000000781a00000, 0x0000000781a00000|100%|HC|  |TS  0|AC  0|TAMS 0x0000000781a00000, 0x0000000781a00000|
|  26|0x0000000781a00000, 0x0000000781b00000, 0x0000000781b00000|100%|HC|  |TS  0|AC  0|TAMS 0x0000000781b00000, 0x0000000781b00000|
|  27|0x0000000781b00000, 0x0000000781c00000, 0x0000000781c00000|100%|HC|  |TS  0|AC  0|TAMS 0x0000000781c00000, 0x0000000781c00000|
|  28|0x0000000781c00000, 0x0000000781c00000, 0x0000000781d00000|  0%| F|  |TS  0|AC  0|TAMS 0x0000000781c00000, 0x0000000781c00000|
|  29|0x0000000781d00000, 0x0000000781d00000, 0x0000000781e00000|  0%| F|  |TS  0|AC  0|TAMS 0x0000000781d00000, 0x0000000781d00000|
|  30|0x0000000781e00000, 0x0000000781f00000, 0x0000000781f00000|100%|HS|  |TS  0|AC  0|TAMS 0x0000000781f00000, 0x0000000781f00000|
|  31|0x0000000781f00000, 0x0000000782000000, 0x0000000782000000|100%|HC|  |TS  0|AC  0|TAMS 0x0000000782000000, 0x0000000782000000|
|  32|0x0000000782000000, 0x0000000782100000, 0x0000000782100000|100%|HC|  |TS  0|AC  0|TAMS 0x0000000782100000, 0x0000000782100000|
|  33|0x0000000782100000, 0x0000000782100000, 0x0000000782200000|  0%| F|  |TS  0|AC  0|TAMS 0x0000000782100000, 0x0000000782100000|
|  34|0x0000000782200000, 0x0000000782200000, 0x0000000782300000|  0%| F|  |TS  0|AC  0|TAMS 0x0000000782200000, 0x0000000782200000|
|  35|0x0000000782300000, 0x0000000782300000, 0x0000000782400000|  0%| F|  |TS  0|AC  0|TAMS 0x0000000782300000, 0x0000000782300000|
|  36|0x0000000782400000, 0x0000000782500000, 0x0000000782500000|100%|HS|  |TS  0|AC  0|TAMS 0x0000000782400000, 0x0000000782400000|
|  37|0x0000000782500000, 0x0000000782600000, 0x0000000782600000|100%|HC|  |TS  0|AC  0|TAMS 0x0000000782500000, 0x0000000782500000|
|  38|0x0000000782600000, 0x0000000782700000, 0x0000000782700000|100%|HC|  |TS  0|AC  0|TAMS 0x0000000782600000, 0x0000000782600000|
|  39|0x0000000782700000, 0x0000000782700000, 0x0000000782800000|  0%| F|  |TS  0|AC  0|TAMS 0x0000000782700000, 0x0000000782700000|
|  40|0x0000000782800000, 0x0000000782800000, 0x0000000782900000|  0%| F|  |TS  0|AC  0|TAMS 0x0000000782800000, 0x0000000782800000|
|  41|0x0000000782900000, 0x0000000782900000, 0x0000000782a00000|  0%| F|  |TS  0|AC  0|TAMS 0x0000000782900000, 0x0000000782900000|
|  42|0x0000000782a00000, 0x0000000782a00000, 0x0000000782b00000|  0%| F|  |TS  0|AC  0|TAMS 0x0000000782a00000, 0x0000000782a00000|
|  43|0x0000000782b00000, 0x0000000782b00000, 0x0000000782c00000|  0%| F|  |TS  0|AC  0|TAMS 0x0000000782b00000, 0x0000000782b00000|
|  44|0x0000000782c00000, 0x0000000782c00000, 0x0000000782d00000|  0%| F|  |TS  0|AC  0|TAMS 0x0000000782c00000, 0x0000000782c00000|
|  45|0x0000000782d00000, 0x0000000782d00000, 0x0000000782e00000|  0%| F|  |TS  0|AC  0|TAMS 0x0000000782d00000, 0x0000000782d00000|
|  46|0x0000000782e00000, 0x0000000782e208c8, 0x0000000782f00000| 12%| S|CS|TS  1|AC  0|TAMS 0x0000000782e00000, 0x0000000782e00000|
|  47|0x0000000782f00000, 0x0000000783000000, 0x0000000783000000|100%| S|CS|TS  1|AC  0|TAMS 0x0000000782f00000, 0x0000000782f00000|
|  48|0x0000000783000000, 0x0000000783100000, 0x0000000783100000|100%| S|CS|TS  1|AC  0|TAMS 0x0000000783000000, 0x0000000783000000|
|  49|0x0000000783100000, 0x0000000783100000, 0x0000000783200000|  0%| F|  |TS  1|AC  0|TAMS 0x0000000783100000, 0x0000000783100000|
|  50|0x0000000783200000, 0x0000000783200000, 0x0000000783300000|  0%| F|  |TS  1|AC  0|TAMS 0x0000000783200000, 0x0000000783200000|
|  51|0x0000000783300000, 0x0000000783300000, 0x0000000783400000|  0%| F|  |TS  1|AC  0|TAMS 0x0000000783300000, 0x0000000783300000|
|  52|0x0000000783400000, 0x0000000783400000, 0x0000000783500000|  0%| F|  |TS  1|AC  0|TAMS 0x0000000783400000, 0x0000000783400000|
|  53|0x0000000783500000, 0x0000000783500000, 0x0000000783600000|  0%| F|  |TS  1|AC  0|TAMS 0x0000000783500000, 0x0000000783500000|
|  54|0x0000000783600000, 0x0000000783600000, 0x0000000783700000|  0%| F|  |TS  1|AC  0|TAMS 0x0000000783600000, 0x0000000783600000|
|  55|0x0000000783700000, 0x0000000783700000, 0x0000000783800000|  0%| F|  |TS  1|AC  0|TAMS 0x0000000783700000, 0x0000000783700000|
|  56|0x0000000783800000, 0x0000000783800000, 0x0000000783900000|  0%| F|  |TS  1|AC  0|TAMS 0x0000000783800000, 0x0000000783800000|
|  57|0x0000000783900000, 0x0000000783900000, 0x0000000783a00000|  0%| F|  |TS  1|AC  0|TAMS 0x0000000783900000, 0x0000000783900000|
|  58|0x0000000783a00000, 0x0000000783a00000, 0x0000000783b00000|  0%| F|  |TS  1|AC  0|TAMS 0x0000000783a00000, 0x0000000783a00000|
|  59|0x0000000783b00000, 0x0000000783b00000, 0x0000000783c00000|  0%| F|  |TS  1|AC  0|TAMS 0x0000000783b00000, 0x0000000783b00000|
|  60|0x0000000783c00000, 0x0000000783c00000, 0x0000000783d00000|  0%| F|  |TS  1|AC  0|TAMS 0x0000000783c00000, 0x0000000783c00000|
|  61|0x0000000783d00000, 0x0000000783d00000, 0x0000000783e00000|  0%| F|  |TS  1|AC  0|TAMS 0x0000000783d00000, 0x0000000783d00000|
|  62|0x0000000783e00000, 0x0000000783e00000, 0x0000000783f00000|  0%| F|  |TS  1|AC  0|TAMS 0x0000000783e00000, 0x0000000783e00000|
|  63|0x0000000783f00000, 0x0000000783f00000, 0x0000000784000000|  0%| F|  |TS  1|AC  0|TAMS 0x0000000783f00000, 0x0000000783f00000|
|  64|0x0000000784000000, 0x0000000784000000, 0x0000000784100000|  0%| F|  |TS  1|AC  0|TAMS 0x0000000784000000, 0x0000000784000000|
|  65|0x0000000784100000, 0x0000000784100000, 0x0000000784200000|  0%| F|  |TS  1|AC  0|TAMS 0x0000000784100000, 0x0000000784100000|
|  66|0x0000000784200000, 0x0000000784200000, 0x0000000784300000|  0%| F|  |TS  1|AC  0|TAMS 0x0000000784200000, 0x0000000784200000|
|  67|0x0000000784300000, 0x0000000784300000, 0x0000000784400000|  0%| F|  |TS  1|AC  0|TAMS 0x0000000784300000, 0x0000000784300000|
|  68|0x0000000784400000, 0x0000000784400000, 0x0000000784500000|  0%| F|  |TS  1|AC  0|TAMS 0x0000000784400000, 0x0000000784400000|
|  69|0x0000000784500000, 0x0000000784500000, 0x0000000784600000|  0%| F|  |TS  1|AC  0|TAMS 0x0000000784500000, 0x0000000784500000|
|  70|0x0000000784600000, 0x0000000784680800, 0x0000000784700000| 50%| E|  |TS  1|AC  0|TAMS 0x0000000784600000, 0x0000000784600000|
|  71|0x0000000784700000, 0x0000000784800000, 0x0000000784800000|100%| E|CS|TS  1|AC  0|TAMS 0x0000000784700000, 0x0000000784700000|
|  72|0x0000000784800000, 0x0000000784900000, 0x0000000784900000|100%| E|CS|TS  1|AC  0|TAMS 0x0000000784800000, 0x0000000784800000|
|  73|0x0000000784900000, 0x0000000784a00000, 0x0000000784a00000|100%| E|CS|TS  1|AC  0|TAMS 0x0000000784900000, 0x0000000784900000|
|  74|0x0000000784a00000, 0x0000000784b00000, 0x0000000784b00000|100%| E|CS|TS  1|AC  0|TAMS 0x0000000784a00000, 0x0000000784a00000|
|  75|0x0000000784b00000, 0x0000000784c00000, 0x0000000784c00000|100%| E|CS|TS  1|AC  0|TAMS 0x0000000784b00000, 0x0000000784b00000|
|  76|0x0000000784c00000, 0x0000000784d00000, 0x0000000784d00000|100%| E|CS|TS  1|AC  0|TAMS 0x0000000784c00000, 0x0000000784c00000|

Card table byte_map: [0x000000010d18b000,0x000000010d38b000] byte_map_base: 0x000000010958b000

Marking Bits (Prev, Next): (CMBitMap*) 0x00007f8d7001f498, (CMBitMap*) 0x00007f8d7001f460
 Prev Bits: [0x000000010e58b000, 0x000000010f58b000)
 Next Bits: [0x000000010d58b000, 0x000000010e58b000)

Polling page: 0x000000010b3ee000

CodeHeap 'non-profiled nmethods': size=120032Kb used=581Kb max_used=581Kb free=119450Kb
 bounds [0x0000000125137000, 0x00000001253a7000, 0x000000012c66f000]
CodeHeap 'profiled nmethods': size=120032Kb used=3171Kb max_used=3171Kb free=116860Kb
 bounds [0x000000011dbff000, 0x000000011df1f000, 0x0000000125137000]
CodeHeap 'non-nmethods': size=5696Kb used=1211Kb max_used=1230Kb free=4484Kb
 bounds [0x000000011d66f000, 0x000000011d8df000, 0x000000011dbff000]
 total_blobs=2661 nmethods=1650 adapters=515
 compilation: enabled

Compilation events (10 events):
Event: 31785.985 Thread 0x00007f8d7004f800 1746       1       java.awt.Component::isMinimumSizeSet (5 bytes)
Event: 31785.985 Thread 0x00007f8d7004f800 nmethod 1746 0x00000001251c8090 code [0x00000001251c8240, 0x00000001251c8350]
Event: 31785.985 Thread 0x00007f8d7004f800 1748       1       java.awt.Component::isMaximumSizeSet (5 bytes)
Event: 31785.985 Thread 0x00007f8d7004f800 nmethod 1748 0x00000001251c8390 code [0x00000001251c8540, 0x00000001251c8650]
Event: 31786.000 Thread 0x00007f8d7004f800 1749       3       objectdraw.WindowControllerListener::mouseMoved (19 bytes)
Event: 31786.005 Thread 0x00007f8d7004f800 nmethod 1749 0x000000011df17f10 code [0x000000011df18100, 0x000000011df185c8]
Event: 31786.006 Thread 0x00007f8d7004f800 1750       3       objectdraw.WindowController::onMouseMove (1 bytes)
Event: 31786.006 Thread 0x00007f8d7004f800 nmethod 1750 0x000000011df18790 code [0x000000011df18940, 0x000000011df18a90]
Event: 31786.010 Thread 0x00007f8d7004f800 1751       3       javax.swing.JComponent::getBounds (50 bytes)
Event: 31786.020 Thread 0x00007f8d7004f800 nmethod 1751 0x000000011df18b10 code [0x000000011df18d40, 0x000000011df19950]

GC Heap History (10 events):
Event: 1361.408 GC heap before
{Heap before GC invocations=173 (full 0):
 garbage-first heap   total 78848K, used 69866K [0x0000000780000000, 0x00000007c0000000)
  region size 1024K, 39 young (39936K), 3 survivors (3072K)
 Metaspace       used 15290K, capacity 15696K, committed 16000K, reserved 1062912K
  class space    used 1583K, capacity 1803K, committed 1920K, reserved 1048576K
}
Event: 1361.450 GC heap after
{Heap after GC invocations=174 (full 0):
 garbage-first heap   total 78848K, used 33195K [0x0000000780000000, 0x00000007c0000000)
  region size 1024K, 3 young (3072K), 3 survivors (3072K)
 Metaspace       used 15290K, capacity 15696K, committed 16000K, reserved 1062912K
  class space    used 1583K, capacity 1803K, committed 1920K, reserved 1048576K
}
Event: 1373.213 GC heap before
{Heap before GC invocations=174 (full 0):
 garbage-first heap   total 78848K, used 70059K [0x0000000780000000, 0x00000007c0000000)
  region size 1024K, 36 young (36864K), 3 survivors (3072K)
 Metaspace       used 15312K, capacity 15696K, committed 16000K, reserved 1062912K
  class space    used 1583K, capacity 1803K, committed 1920K, reserved 1048576K
}
Event: 1373.219 GC heap after
{Heap after GC invocations=175 (full 0):
 garbage-first heap   total 78848K, used 33044K [0x0000000780000000, 0x00000007c0000000)
  region size 1024K, 3 young (3072K), 3 survivors (3072K)
 Metaspace       used 15312K, capacity 15696K, committed 16000K, reserved 1062912K
  class space    used 1583K, capacity 1803K, committed 1920K, reserved 1048576K
}
Event: 1374.147 GC heap before
{Heap before GC invocations=175 (full 0):
 garbage-first heap   total 78848K, used 66836K [0x0000000780000000, 0x00000007c0000000)
  region size 1024K, 36 young (36864K), 3 survivors (3072K)
 Metaspace       used 15312K, capacity 15696K, committed 16000K, reserved 1062912K
  class space    used 1583K, capacity 1803K, committed 1920K, reserved 1048576K
}
Event: 1374.169 GC heap after
{Heap after GC invocations=176 (full 0):
 garbage-first heap   total 78848K, used 29967K [0x0000000780000000, 0x00000007c0000000)
  region size 1024K, 3 young (3072K), 3 survivors (3072K)
 Metaspace       used 15312K, capacity 15696K, committed 16000K, reserved 1062912K
  class space    used 1583K, capacity 1803K, committed 1920K, reserved 1048576K
}
Event: 31786.028 GC heap before
{Heap before GC invocations=176 (full 0):
 garbage-first heap   total 78848K, used 54543K [0x0000000780000000, 0x00000007c0000000)
  region size 1024K, 21 young (21504K), 3 survivors (3072K)
 Metaspace       used 15337K, capacity 15760K, committed 16000K, reserved 1062912K
  class space    used 1585K, capacity 1803K, committed 1920K, reserved 1048576K
}
Event: 31786.137 GC heap after
{Heap after GC invocations=177 (full 0):
 garbage-first heap   total 78848K, used 37260K [0x0000000780000000, 0x00000007c0000000)
  region size 1024K, 3 young (3072K), 3 survivors (3072K)
 Metaspace       used 15337K, capacity 15760K, committed 16000K, reserved 1062912K
  class space    used 1585K, capacity 1803K, committed 1920K, reserved 1048576K
}
Event: 31787.157 GC heap before
{Heap before GC invocations=178 (full 0):
 garbage-first heap   total 78848K, used 55692K [0x0000000780000000, 0x00000007c0000000)
  region size 1024K, 28 young (28672K), 3 survivors (3072K)
 Metaspace       used 15010K, capacity 15282K, committed 16000K, reserved 1062912K
  class space    used 1496K, capacity 1634K, committed 1920K, reserved 1048576K
}
Event: 31787.173 GC heap after
{Heap after GC invocations=179 (full 0):
 garbage-first heap   total 78848K, used 30098K [0x0000000780000000, 0x00000007c0000000)
  region size 1024K, 3 young (3072K), 3 survivors (3072K)
 Metaspace       used 15010K, capacity 15282K, committed 16000K, reserved 1062912K
  class space    used 1496K, capacity 1634K, committed 1920K, reserved 1048576K
}

Deoptimization events (10 events):
Event: 4.212 Thread 0x00007f8d6f9dd800 Uncommon trap: reason=class_check action=maybe_recompile pc=0x000000012514ebe0 method=java.lang.String.equals(Ljava/lang/Object;)Z @ 8 c2
Event: 4.212 Thread 0x00007f8d6f9dd800 Uncommon trap: reason=class_check action=maybe_recompile pc=0x000000012514ebe0 method=java.lang.String.equals(Ljava/lang/Object;)Z @ 8 c2
Event: 4.272 Thread 0x00007f8d6f9dd800 Uncommon trap: reason=unstable_if action=reinterpret pc=0x0000000125185960 method=java.lang.CharacterData.of(I)Ljava/lang/CharacterData; @ 4 c2
Event: 4.276 Thread 0x00007f8d6f9dd800 Uncommon trap: reason=unstable_if action=reinterpret pc=0x000000012514af88 method=java.lang.StringLatin1.canEncode(I)Z @ 4 c2
Event: 4.276 Thread 0x00007f8d6f9dd800 Uncommon trap: reason=unstable_if action=reinterpret pc=0x000000012514d654 method=java.lang.StringLatin1.canEncode(I)Z @ 4 c2
Event: 4.333 Thread 0x00007f8d6f805800 Uncommon trap: reason=unstable_if action=reinterpret pc=0x000000012518e910 method=objectdraw.CanvasManager.setStateChanged()V @ 16 c2
Event: 4.423 Thread 0x00007f8d6f9dd800 Uncommon trap: reason=unstable_if action=reinterpret pc=0x000000012517d6d4 method=java.lang.ref.ReferenceQueue.poll()Ljava/lang/ref/Reference; @ 4 c2
Event: 6.129 Thread 0x00007f8d6f805800 Uncommon trap: reason=unstable_if action=reinterpret pc=0x0000000125187514 method=java.lang.FdLibm$Hypot.compute(DD)D @ 119 c2
Event: 112.372 Thread 0x00007f8d6f805800 Uncommon trap: reason=unstable_if action=reinterpret pc=0x00000001251b8e9c method=MandelbrotZoom2.<init>()V @ 159 c2
Event: 31388.485 Thread 0x00007f8d6f206800 Uncommon trap: reason=unstable_if action=reinterpret pc=0x00000001251c644c method=sun.java2d.opengl.OGLRenderQueue$QueueFlusher.run()V @ 22 c2

Classes redefined (0 events):
No events

Internal exceptions (10 events):
Event: 1.912 Thread 0x00007f8d6f805800 Exception <a 'java/lang/NoSuchMethodError'{0x00000007836baa70}: java.lang.invoke.DirectMethodHandle$Holder.invokeStatic(Ljava/lang/Object;Ljava/lang/Object;Ljava/lang/Object;Ljava/lang/Object;Ljava/lang/Object;Ljava/lang/Object;Ljava/lang/Object;Ljava/lan
Event: 1.914 Thread 0x00007f8d6f805800 Exception <a 'java/lang/NoSuchMethodError'{0x00000007836dde38}: java.lang.invoke.DirectMethodHandle$Holder.invokeStatic(Ljava/lang/Object;Ljava/lang/Object;Ljava/lang/Object;Ljava/lang/Object;Ljava/lang/Object;Ljava/lang/Object;Ljava/lang/Object;Ljava/lan
Event: 4.188 Thread 0x00007f8d6f805800 Exception <a 'java/lang/NoSuchMethodError'{0x00000007835cc6a0}: java.lang.invoke.DirectMethodHandle$Holder.invokeSpecial(Ljava/lang/Object;Ljava/lang/Object;J)V> (0x00000007835cc6a0) thrown at [/scratch/mesos/slaves/9190d864-6621-4810-ba08-d8d8c75ba674-S3
Event: 4.188 Thread 0x00007f8d6f805800 Exception <a 'java/lang/NoSuchMethodError'{0x00000007835d21b0}: java.lang.invoke.DirectMethodHandle$Holder.invokeStatic(Ljava/lang/Object;JJ)V> (0x00000007835d21b0) thrown at [/scratch/mesos/slaves/9190d864-6621-4810-ba08-d8d8c75ba674-S34/frameworks/1735e
Event: 4.189 Thread 0x00007f8d6f805800 Exception <a 'java/lang/NoSuchMethodError'{0x00000007835d7450}: java.lang.invoke.DirectMethodHandle$Holder.invokeStatic(Ljava/lang/Object;J)Ljava/lang/Object;> (0x00000007835d7450) thrown at [/scratch/mesos/slaves/9190d864-6621-4810-ba08-d8d8c75ba674-S34/
Event: 4.189 Thread 0x00007f8d6f805800 Exception <a 'java/lang/NoSuchMethodError'{0x00000007835daeb0}: method resolution failed> (0x00000007835daeb0) thrown at [/scratch/mesos/slaves/9190d864-6621-4810-ba08-d8d8c75ba674-S34/frameworks/1735e8a2-a1db-478c-8104-60c8b0af87dd-0196/executors/f87b489
Event: 4.191 Thread 0x00007f8d6f805800 Exception <a 'java/lang/NoSuchMethodError'{0x00000007835e0b68}: method resolution failed> (0x00000007835e0b68) thrown at [/scratch/mesos/slaves/9190d864-6621-4810-ba08-d8d8c75ba674-S34/frameworks/1735e8a2-a1db-478c-8104-60c8b0af87dd-0196/executors/f87b489
Event: 4.261 Thread 0x00007f8d6f9dd800 Exception <a 'java/lang/NoSuchMethodError'{0x00000007838f76a8}: method resolution failed> (0x00000007838f76a8) thrown at [/scratch/mesos/slaves/9190d864-6621-4810-ba08-d8d8c75ba674-S34/frameworks/1735e8a2-a1db-478c-8104-60c8b0af87dd-0196/executors/f87b489
Event: 4.265 Thread 0x00007f8d6f9dd800 Exception <a 'java/lang/NoSuchMethodError'{0x00000007838ffca8}: java.lang.invoke.DirectMethodHandle$Holder.invokeStatic(Ljava/lang/Object;IILjava/lang/Object;Ljava/lang/Object;Ljava/lang/Object;)Ljava/lang/Object;> (0x00000007838ffca8) thrown at [/scratch
Event: 4.362 Thread 0x00007f8d7004d000 Exception <a 'java/lang/NullPointerException'{0x0000000783f80800}> (0x0000000783f80800) thrown at [/scratch/mesos/slaves/9190d864-6621-4810-ba08-d8d8c75ba674-S34/frameworks/1735e8a2-a1db-478c-8104-60c8b0af87dd-0196/executors/f87b4890-2412-429e-bdfd-83788a

Events (10 events):
Event: 31388.517 Thread 0x00007f8d6f206800 DEOPT PACKING pc=0x00000001251c644c sp=0x0000700007406a50
Event: 31388.551 Thread 0x00007f8d6f206800 DEOPT UNPACKING pc=0x000000011d697325 sp=0x00007000074069f8 mode 2
Event: 31786.021 Executing VM operation: G1IncCollectionPause
Event: 31786.141 Executing VM operation: G1IncCollectionPause done
Event: 31786.736 Executing VM operation: CGC_Operation
Event: 31787.124 Executing VM operation: CGC_Operation done
Event: 31787.132 Executing VM operation: CGC_Operation
Event: 31787.134 Executing VM operation: CGC_Operation done
Event: 31787.157 Executing VM operation: G1IncCollectionPause
Event: 31787.173 Executing VM operation: G1IncCollectionPause done


Dynamic libraries:
0x00007fff7ebca000 	/System/Library/Frameworks/Cocoa.framework/Versions/A/Cocoa
0x00007fff85470000 	/System/Library/Frameworks/Security.framework/Versions/A/Security
0x00007fff7da81000 	/System/Library/Frameworks/ApplicationServices.framework/Versions/A/ApplicationServices
0x00007fff948ee000 	/usr/lib/libz.1.dylib
0x00007fff933ed000 	/usr/lib/libSystem.B.dylib
0x00007fff7f160000 	/System/Library/Frameworks/CoreFoundation.framework/Versions/A/CoreFoundation
0x00007fff80bd8000 	/System/Library/Frameworks/Foundation.framework/Versions/C/Foundation
0x00007fff9409b000 	/usr/lib/libobjc.A.dylib
0x00007fff7cc96000 	/System/Library/Frameworks/AppKit.framework/Versions/C/AppKit
0x00007fff7edb6000 	/System/Library/Frameworks/CoreData.framework/Versions/A/CoreData
0x00007fff8fe72000 	/System/Library/PrivateFrameworks/RemoteViewServices.framework/Versions/A/RemoteViewServices
0x00007fff91e5d000 	/System/Library/PrivateFrameworks/UIFoundation.framework/Versions/A/UIFoundation
0x00007fff8b1fe000 	/System/Library/PrivateFrameworks/DFRFoundation.framework/Versions/A/DFRFoundation
0x00007fff939de000 	/usr/lib/libenergytrace.dylib
0x00007fff90c9f000 	/System/Library/PrivateFrameworks/SkyLight.framework/Versions/A/SkyLight
0x00007fff7f5fa000 	/System/Library/Frameworks/CoreGraphics.framework/Versions/A/CoreGraphics
0x00007fff933e8000 	/usr/lib/libScreenReader.dylib
0x00007fff7bcb8000 	/System/Library/Frameworks/Accelerate.framework/Versions/A/Accelerate
0x00007fff811d6000 	/System/Library/Frameworks/IOSurface.framework/Versions/A/IOSurface
0x00007fff7dfa5000 	/System/Library/Frameworks/AudioToolbox.framework/Versions/A/AudioToolbox
0x00007fff7e1b2000 	/System/Library/Frameworks/AudioUnit.framework/Versions/A/AudioUnit
0x00007fff8b243000 	/System/Library/PrivateFrameworks/DataDetectorsCore.framework/Versions/A/DataDetectorsCore
0x00007fff8b334000 	/System/Library/PrivateFrameworks/DesktopServicesPriv.framework/Versions/A/DesktopServicesPriv
0x00007fff7e717000 	/System/Library/Frameworks/Carbon.framework/Versions/A/Frameworks/HIToolbox.framework/Versions/A/HIToolbox
0x00007fff93ae7000 	/usr/lib/libicucore.A.dylib
0x00007fff84d05000 	/System/Library/Frameworks/QuartzCore.framework/Versions/A/QuartzCore
0x00007fff7eae3000 	/System/Library/Frameworks/Carbon.framework/Versions/A/Frameworks/SpeechRecognition.framework/Versions/A/SpeechRecognition
0x00007fff93506000 	/usr/lib/libauto.dylib
0x00007fff947d4000 	/usr/lib/libxml2.2.dylib
0x00007fff8aeb8000 	/System/Library/PrivateFrameworks/CoreUI.framework/Versions/A/CoreUI
0x00007fff7ed14000 	/System/Library/Frameworks/CoreAudio.framework/Versions/A/CoreAudio
0x00007fff80a41000 	/System/Library/Frameworks/DiskArbitration.framework/Versions/A/DiskArbitration
0x00007fff93d12000 	/usr/lib/liblangid.dylib
0x00007fff8ed58000 	/System/Library/PrivateFrameworks/MultitouchSupport.framework/Versions/A/MultitouchSupport
0x00007fff8113f000 	/System/Library/Frameworks/IOKit.framework/Versions/A/IOKit
0x00007fff931ae000 	/usr/lib/libDiagnosticMessagesClient.dylib
0x00007fff80025000 	/System/Library/Frameworks/CoreServices.framework/Versions/A/CoreServices
0x00007fff8f716000 	/System/Library/PrivateFrameworks/PerformanceAnalysis.framework/Versions/A/PerformanceAnalysis
0x00007fff8d186000 	/System/Library/PrivateFrameworks/GenerationalStorage.framework/Versions/A/GenerationalStorage
0x00007fff841a5000 	/System/Library/Frameworks/OpenGL.framework/Versions/A/OpenGL
0x00007fff7fc7d000 	/System/Library/Frameworks/CoreImage.framework/Versions/A/CoreImage
0x00007fff8074e000 	/System/Library/Frameworks/CoreText.framework/Versions/A/CoreText
0x00007fff8122f000 	/System/Library/Frameworks/ImageIO.framework/Versions/A/ImageIO
0x00007fff88a75000 	/System/Library/PrivateFrameworks/Backup.framework/Versions/A/Backup
0x00007fff9345a000 	/usr/lib/libarchive.2.dylib
0x00007fff7e31b000 	/System/Library/Frameworks/CFNetwork.framework/Versions/A/CFNetwork
0x00007fff85b9d000 	/System/Library/Frameworks/SystemConfiguration.framework/Versions/A/SystemConfiguration
0x00007fff930f5000 	/usr/lib/libCRFSuite.dylib
0x00007fff93527000 	/usr/lib/libc++.1.dylib
0x00007fff9357e000 	/usr/lib/libc++abi.dylib
0x00007fff9490e000 	/usr/lib/system/libcache.dylib
0x00007fff94913000 	/usr/lib/system/libcommonCrypto.dylib
0x00007fff9491e000 	/usr/lib/system/libcompiler_rt.dylib
0x00007fff94926000 	/usr/lib/system/libcopyfile.dylib
0x00007fff9492f000 	/usr/lib/system/libcorecrypto.dylib
0x00007fff949b3000 	/usr/lib/system/libdispatch.dylib
0x00007fff949e5000 	/usr/lib/system/libdyld.dylib
0x00007fff949eb000 	/usr/lib/system/libkeymgr.dylib
0x00007fff949f9000 	/usr/lib/system/liblaunch.dylib
0x00007fff949fa000 	/usr/lib/system/libmacho.dylib
0x00007fff94a00000 	/usr/lib/system/libquarantine.dylib
0x00007fff94a03000 	/usr/lib/system/libremovefile.dylib
0x00007fff94a05000 	/usr/lib/system/libsystem_asl.dylib
0x00007fff94a1e000 	/usr/lib/system/libsystem_blocks.dylib
0x00007fff94a1f000 	/usr/lib/system/libsystem_c.dylib
0x00007fff94aad000 	/usr/lib/system/libsystem_configuration.dylib
0x00007fff94ab1000 	/usr/lib/system/libsystem_coreservices.dylib
0x00007fff94ab5000 	/usr/lib/system/libsystem_coretls.dylib
0x00007fff94ace000 	/usr/lib/system/libsystem_dnssd.dylib
0x00007fff94ad5000 	/usr/lib/system/libsystem_info.dylib
0x00007fff94aff000 	/usr/lib/system/libsystem_kernel.dylib
0x00007fff94b22000 	/usr/lib/system/libsystem_m.dylib
0x00007fff94b6a000 	/usr/lib/system/libsystem_malloc.dylib
0x00007fff94b89000 	/usr/lib/system/libsystem_network.dylib
0x00007fff94be3000 	/usr/lib/system/libsystem_networkextension.dylib
0x00007fff94bed000 	/usr/lib/system/libsystem_notify.dylib
0x00007fff94bf7000 	/usr/lib/system/libsystem_platform.dylib
0x00007fff94c00000 	/usr/lib/system/libsystem_pthread.dylib
0x00007fff94c0b000 	/usr/lib/system/libsystem_sandbox.dylib
0x00007fff94c0f000 	/usr/lib/system/libsystem_secinit.dylib
0x00007fff94c11000 	/usr/lib/system/libsystem_symptoms.dylib
0x00007fff94c19000 	/usr/lib/system/libsystem_trace.dylib
0x00007fff94c2d000 	/usr/lib/system/libunwind.dylib
0x00007fff94c33000 	/usr/lib/system/libxpc.dylib
0x00007fff93507000 	/usr/lib/libbsm.0.dylib
0x00007fff949ec000 	/usr/lib/system/libkxld.dylib
0x00007fff935d0000 	/usr/lib/libcoretls.dylib
0x00007fff935d1000 	/usr/lib/libcoretls_cfhelpers.dylib
0x00007fff933e7000 	/usr/lib/libOpenScriptingUtil.dylib
0x00007fff94470000 	/usr/lib/libpam.2.dylib
0x00007fff9452f000 	/usr/lib/libsqlite3.dylib
0x00007fff947c6000 	/usr/lib/libxar.1.dylib
0x00007fff93518000 	/usr/lib/libbz2.1.0.dylib
0x00007fff93d14000 	/usr/lib/liblzma.5.dylib
0x00007fff94020000 	/usr/lib/libnetwork.dylib
0x00007fff94475000 	/usr/lib/libpcap.A.dylib
0x00007fff80388000 	/System/Library/Frameworks/CoreServices.framework/Versions/A/Frameworks/FSEvents.framework/Versions/A/FSEvents
0x00007fff80078000 	/System/Library/Frameworks/CoreServices.framework/Versions/A/Frameworks/CarbonCore.framework/Versions/A/CarbonCore
0x00007fff804fe000 	/System/Library/Frameworks/CoreServices.framework/Versions/A/Frameworks/Metadata.framework/Versions/A/Metadata
0x00007fff805af000 	/System/Library/Frameworks/CoreServices.framework/Versions/A/Frameworks/OSServices.framework/Versions/A/OSServices
0x00007fff8060f000 	/System/Library/Frameworks/CoreServices.framework/Versions/A/Frameworks/SearchKit.framework/Versions/A/SearchKit
0x00007fff80026000 	/System/Library/Frameworks/CoreServices.framework/Versions/A/Frameworks/AE.framework/Versions/A/AE
0x00007fff80391000 	/System/Library/Frameworks/CoreServices.framework/Versions/A/Frameworks/LaunchServices.framework/Versions/A/LaunchServices
0x00007fff80354000 	/System/Library/Frameworks/CoreServices.framework/Versions/A/Frameworks/DictionaryServices.framework/Versions/A/DictionaryServices
0x00007fff80680000 	/System/Library/Frameworks/CoreServices.framework/Versions/A/Frameworks/SharedFileList.framework/Versions/A/SharedFileList
0x00007fff833c9000 	/System/Library/Frameworks/NetFS.framework/Versions/A/NetFS
0x00007fff8ee32000 	/System/Library/PrivateFrameworks/NetAuth.framework/Versions/A/NetAuth
0x00007fff9309e000 	/System/Library/PrivateFrameworks/login.framework/Versions/A/Frameworks/loginsupport.framework/Versions/A/loginsupport
0x00007fff91c8f000 	/System/Library/PrivateFrameworks/TCC.framework/Versions/A/TCC
0x00007fff93d45000 	/usr/lib/libmecabra.dylib
0x00007fff7da82000 	/System/Library/Frameworks/ApplicationServices.framework/Versions/A/Frameworks/ATS.framework/Versions/A/ATS
0x00007fff7de02000 	/System/Library/Frameworks/ApplicationServices.framework/Versions/A/Frameworks/ColorSync.framework/Versions/A/ColorSync
0x00007fff7dead000 	/System/Library/Frameworks/ApplicationServices.framework/Versions/A/Frameworks/HIServices.framework/Versions/A/HIServices
0x00007fff7deff000 	/System/Library/Frameworks/ApplicationServices.framework/Versions/A/Frameworks/LangAnalysis.framework/Versions/A/LangAnalysis
0x00007fff7df0f000 	/System/Library/Frameworks/ApplicationServices.framework/Versions/A/Frameworks/PrintCore.framework/Versions/A/PrintCore
0x00007fff7df5d000 	/System/Library/Frameworks/ApplicationServices.framework/Versions/A/Frameworks/QD.framework/Versions/A/QD
0x00007fff7df99000 	/System/Library/Frameworks/ApplicationServices.framework/Versions/A/Frameworks/SpeechSynthesis.framework/Versions/A/SpeechSynthesis
0x00007fff7bcd1000 	/System/Library/Frameworks/Accelerate.framework/Versions/A/Frameworks/vImage.framework/Versions/A/vImage
0x00007fff7c9d7000 	/System/Library/Frameworks/Accelerate.framework/Versions/A/Frameworks/vecLib.framework/Versions/A/vecLib
0x00007fff7c79c000 	/System/Library/Frameworks/Accelerate.framework/Versions/A/Frameworks/vecLib.framework/Versions/A/libvDSP.dylib
0x00007fff7c35d000 	/System/Library/Frameworks/Accelerate.framework/Versions/A/Frameworks/vecLib.framework/Versions/A/libBNNS.dylib
0x00007fff7c780000 	/System/Library/Frameworks/Accelerate.framework/Versions/A/Frameworks/vecLib.framework/Versions/A/libQuadrature.dylib
0x00007fff7c924000 	/System/Library/Frameworks/Accelerate.framework/Versions/A/Frameworks/vecLib.framework/Versions/A/libvMisc.dylib
0x00007fff7c372000 	/System/Library/Frameworks/Accelerate.framework/Versions/A/Frameworks/vecLib.framework/Versions/A/libLAPACK.dylib
0x00007fff7c1eb000 	/System/Library/Frameworks/Accelerate.framework/Versions/A/Frameworks/vecLib.framework/Versions/A/libBLAS.dylib
0x00007fff7c769000 	/System/Library/Frameworks/Accelerate.framework/Versions/A/Frameworks/vecLib.framework/Versions/A/libLinearAlgebra.dylib
0x00007fff7c787000 	/System/Library/Frameworks/Accelerate.framework/Versions/A/Frameworks/vecLib.framework/Versions/A/libSparseBLAS.dylib
0x00007fff7db8a000 	/System/Library/Frameworks/ApplicationServices.framework/Versions/A/Frameworks/ATS.framework/Versions/A/Resources/libFontParser.dylib
0x00007fff7dcba000 	/System/Library/Frameworks/ApplicationServices.framework/Versions/A/Frameworks/ATS.framework/Versions/A/Resources/libFontRegistry.dylib
0x00007fff81486000 	/System/Library/Frameworks/ImageIO.framework/Versions/A/Resources/libJPEG.dylib
0x00007fff814d5000 	/System/Library/Frameworks/ImageIO.framework/Versions/A/Resources/libTIFF.dylib
0x00007fff814aa000 	/System/Library/Frameworks/ImageIO.framework/Versions/A/Resources/libPng.dylib
0x00007fff81390000 	/System/Library/Frameworks/ImageIO.framework/Versions/A/Resources/libGIF.dylib
0x00007fff81395000 	/System/Library/Frameworks/ImageIO.framework/Versions/A/Resources/libJP2.dylib
0x00007fff814d2000 	/System/Library/Frameworks/ImageIO.framework/Versions/A/Resources/libRadiance.dylib
0x00007fff935b9000 	/usr/lib/libcompression.dylib
0x00007fff885b7000 	/System/Library/PrivateFrameworks/AppleJPEG.framework/Versions/A/AppleJPEG
0x00007fff9390e000 	/usr/lib/libcups.2.dylib
0x00007fff8228c000 	/System/Library/Frameworks/Kerberos.framework/Versions/A/Kerberos
0x00007fff80faa000 	/System/Library/Frameworks/GSS.framework/Versions/A/GSS
0x00007fff944c3000 	/usr/lib/libresolv.9.dylib
0x00007fff939f4000 	/usr/lib/libiconv.2.dylib
0x00007fff8d8b3000 	/System/Library/PrivateFrameworks/Heimdal.framework/Versions/A/Heimdal
0x00007fff939ee000 	/usr/lib/libheimdal-asn1.dylib
0x00007fff8361a000 	/System/Library/Frameworks/OpenDirectory.framework/Versions/A/OpenDirectory
0x00007fff8a0ca000 	/System/Library/PrivateFrameworks/CommonAuth.framework/Versions/A/CommonAuth
0x00007fff83600000 	/System/Library/Frameworks/OpenDirectory.framework/Versions/A/Frameworks/CFOpenDirectory.framework/Versions/A/CFOpenDirectory
0x00007fff85773000 	/System/Library/Frameworks/SecurityFoundation.framework/Versions/A/SecurityFoundation
0x00007fff8e06b000 	/System/Library/PrivateFrameworks/LanguageModeling.framework/Versions/A/LanguageModeling
0x00007fff93d2e000 	/usr/lib/libmarisa.dylib
0x00007fff93111000 	/usr/lib/libChineseTokenizer.dylib
0x00007fff935a8000 	/usr/lib/libcmph.dylib
0x00007fff8a81c000 	/System/Library/PrivateFrameworks/CoreEmoji.framework/Versions/A/CoreEmoji
0x00007fff85813000 	/System/Library/Frameworks/ServiceManagement.framework/Versions/A/ServiceManagement
0x00007fff948c4000 	/usr/lib/libxslt.1.dylib
0x00007fff7ea2b000 	/System/Library/Frameworks/Carbon.framework/Versions/A/Frameworks/Ink.framework/Versions/A/Ink
0x00007fff91d21000 	/System/Library/PrivateFrameworks/TextureIO.framework/Versions/A/TextureIO
0x00007fff82a85000 	/System/Library/Frameworks/Metal.framework/Versions/A/Metal
0x00007fff93486000 	/usr/lib/libate.dylib
0x00007fff8ceb5000 	/System/Library/PrivateFrameworks/GPUCompiler.framework/libmetal_timestamp.dylib
0x00007fff83629000 	/System/Library/Frameworks/OpenGL.framework/Versions/A/Libraries/libCoreFSCache.dylib
0x00007fff8df44000 	/System/Library/PrivateFrameworks/IOAccelerator.framework/Versions/A/IOAccelerator
0x00007fff8089c000 	/System/Library/Frameworks/CoreVideo.framework/Versions/A/CoreVideo
0x00007fff931b0000 	/usr/lib/libFosl_dynamic.dylib
0x00007fff8eb43000 	/System/Library/PrivateFrameworks/MetalPerformanceShaders.framework/Versions/A/MetalPerformanceShaders
0x00007fff8b72d000 	/System/Library/PrivateFrameworks/FaceCore.framework/Versions/A/FaceCore
0x00007fff835b1000 	/System/Library/Frameworks/OpenCL.framework/Versions/A/OpenCL
0x00007fff837fc000 	/System/Library/Frameworks/OpenGL.framework/Versions/A/Libraries/libGLU.dylib
0x00007fff83632000 	/System/Library/Frameworks/OpenGL.framework/Versions/A/Libraries/libGFXShared.dylib
0x00007fff8363c000 	/System/Library/Frameworks/OpenGL.framework/Versions/A/Libraries/libGL.dylib
0x00007fff83648000 	/System/Library/Frameworks/OpenGL.framework/Versions/A/Libraries/libGLImage.dylib
0x00007fff83626000 	/System/Library/Frameworks/OpenGL.framework/Versions/A/Libraries/libCVMSPluginSupport.dylib
0x00007fff8362d000 	/System/Library/Frameworks/OpenGL.framework/Versions/A/Libraries/libCoreVMClient.dylib
0x00007fff8b17e000 	/System/Library/PrivateFrameworks/CrashReporterSupport.framework/Versions/A/CrashReporterSupport
0x00007fff90bf1000 	/System/Library/PrivateFrameworks/Sharing.framework/Versions/A/Sharing
0x00007fff8df62000 	/System/Library/PrivateFrameworks/IconServices.framework/Versions/A/IconServices
0x00007fff8fe3f000 	/System/Library/PrivateFrameworks/ProtocolBuffer.framework/Versions/A/ProtocolBuffer
0x00007fff8848d000 	/System/Library/PrivateFrameworks/Apple80211.framework/Versions/A/Apple80211
0x00007fff808d2000 	/System/Library/Frameworks/CoreWLAN.framework/Versions/A/CoreWLAN
0x00007fff8aff8000 	/System/Library/PrivateFrameworks/CoreUtils.framework/Versions/A/CoreUtils
0x00007fff8109b000 	/System/Library/Frameworks/IOBluetooth.framework/Versions/A/IOBluetooth
0x00007fff8b118000 	/System/Library/PrivateFrameworks/CoreWiFi.framework/Versions/A/CoreWiFi
0x00007fff7eda2000 	/System/Library/Frameworks/CoreBluetooth.framework/Versions/A/CoreBluetooth
0x00007fff7f0b2000 	/System/Library/Frameworks/CoreDisplay.framework/Versions/A/CoreDisplay
0x00007fff8df4d000 	/System/Library/PrivateFrameworks/IOPresentment.framework/Versions/A/IOPresentment
0x00007fff8b209000 	/System/Library/PrivateFrameworks/DSExternalDisplay.framework/Versions/A/DSExternalDisplay
0x00007fff8b2f4000 	/System/Library/PrivateFrameworks/DebugSymbols.framework/Versions/A/DebugSymbols
0x00007fff8ae28000 	/System/Library/PrivateFrameworks/CoreSymbolication.framework/Versions/A/CoreSymbolication
0x00007fff917dc000 	/System/Library/PrivateFrameworks/Symbolication.framework/Versions/A/Symbolication
0x00007fff884b0000 	/System/Library/PrivateFrameworks/AppleFSCompression.framework/Versions/A/AppleFSCompression
0x00007fff910e4000 	/System/Library/PrivateFrameworks/SpeechRecognitionCore.framework/Versions/A/SpeechRecognitionCore
0x00007fff8977e000 	/System/Library/PrivateFrameworks/ChunkingLibrary.framework/Versions/A/ChunkingLibrary
0x000000010bc00000 	/Library/Java/JavaVirtualMachines/jdk-10.0.2.jdk/Contents/Home/lib/server/libjvm.dylib
0x00007fff9472d000 	/usr/lib/libstdc++.6.dylib
0x000000010b3ac000 	/Library/Java/JavaVirtualMachines/jdk-10.0.2.jdk/Contents/Home/lib/libverify.dylib
0x000000010b3b9000 	/Library/Java/JavaVirtualMachines/jdk-10.0.2.jdk/Contents/Home/lib/libjava.dylib
0x000000010b3f8000 	/Library/Java/JavaVirtualMachines/jdk-10.0.2.jdk/Contents/Home/lib/libzip.dylib
0x000000010c9a0000 	/Library/Java/JavaVirtualMachines/jdk-10.0.2.jdk/Contents/Home/lib/libjimage.dylib
0x000000012c6b7000 	/Library/Java/JavaVirtualMachines/jdk-10.0.2.jdk/Contents/Home/lib/libnio.dylib
0x000000012c6c7000 	/Library/Java/JavaVirtualMachines/jdk-10.0.2.jdk/Contents/Home/lib/./libnet.dylib
0x000000012c766000 	/Library/Java/JavaVirtualMachines/jdk-10.0.2.jdk/Contents/Home/lib/libawt.dylib
0x000000012c80b000 	/Library/Java/JavaVirtualMachines/jdk-10.0.2.jdk/Contents/Home/lib/./libmlib_image.dylib
0x000000012c879000 	/System/Library/Frameworks/JavaVM.framework/Versions/A/Frameworks/JavaNativeFoundation.framework/Versions/A/JavaNativeFoundation
0x000000012c88e000 	/System/Library/Frameworks/JavaVM.framework/Versions/A/Frameworks/JavaRuntimeSupport.framework/Versions/A/JavaRuntimeSupport
0x000000012c8a8000 	/System/Library/Frameworks/JavaVM.framework/Versions/A/JavaVM
0x000000012c8b5000 	/System/Library/PrivateFrameworks/JavaLaunching.framework/Versions/A/JavaLaunching
0x00007fff7e712000 	/System/Library/Frameworks/Carbon.framework/Versions/A/Carbon
0x00007fff7e713000 	/System/Library/Frameworks/Carbon.framework/Versions/A/Frameworks/CommonPanels.framework/Versions/A/CommonPanels
0x00007fff7ea21000 	/System/Library/Frameworks/Carbon.framework/Versions/A/Frameworks/Help.framework/Versions/A/Help
0x00007fff7ea25000 	/System/Library/Frameworks/Carbon.framework/Versions/A/Frameworks/ImageCapture.framework/Versions/A/ImageCapture
0x00007fff7eac3000 	/System/Library/Frameworks/Carbon.framework/Versions/A/Frameworks/OpenScripting.framework/Versions/A/OpenScripting
0x00007fff7eade000 	/System/Library/Frameworks/Carbon.framework/Versions/A/Frameworks/Print.framework/Versions/A/Print
0x00007fff7eae0000 	/System/Library/Frameworks/Carbon.framework/Versions/A/Frameworks/SecurityHI.framework/Versions/A/SecurityHI
0x000000012c8c1000 	/Library/Java/JavaVirtualMachines/jdk-10.0.2.jdk/Contents/Home/lib/libawt_lwawt.dylib
0x000000012c981000 	/Library/Java/JavaVirtualMachines/jdk-10.0.2.jdk/Contents/Home/lib/./libosxapp.dylib
0x00007fff80bd5000 	/System/Library/Frameworks/ExceptionHandling.framework/Versions/A/ExceptionHandling
0x000000012cbd3000 	/Library/Java/JavaVirtualMachines/jdk-10.0.2.jdk/Contents/Home/lib/libfontmanager.dylib
0x00007fff8ab67000 	/System/Library/PrivateFrameworks/CoreServicesInternal.framework/Versions/A/CoreServicesInternal
0x00007fff79e0f000 	/System/Library/CoreServices/RawCamera.bundle/Contents/MacOS/RawCamera
0x00007fff7bcb9000 	/System/Library/Frameworks/Accelerate.framework/Versions/A/Frameworks/vImage.framework/Versions/A/Libraries/libCGInterfaces.dylib
0x00007fff7dd62000 	/System/Library/Frameworks/ApplicationServices.framework/Versions/A/Frameworks/ATS.framework/Versions/A/Resources/libTrueTypeScaler.dylib
0x0000000130220000 	/System/Library/Frameworks/OpenGL.framework/Resources/GLEngine.bundle/GLEngine
0x00007fff83685000 	/System/Library/Frameworks/OpenGL.framework/Versions/A/Libraries/libGLProgrammability.dylib
0x0000000130405000 	/System/Library/Extensions/AppleIntelBDWGraphicsGLDriver.bundle/Contents/MacOS/AppleIntelBDWGraphicsGLDriver
0x00007fff8cec2000 	/System/Library/PrivateFrameworks/GPUSupport.framework/Versions/A/Libraries/libGPUSupportMercury.dylib
0x0000000130b6f000 	/System/Library/Frameworks/OpenGL.framework/Resources//GLRendererFloat.bundle/GLRendererFloat
0x00007fff835a8000 	/System/Library/Frameworks/OpenCL.framework/Versions/A/Libraries/libcldcpuengine.dylib
0x00007fff9368c000 	/usr/lib/libcrypto.0.9.8.dylib
0x00007fff91e5b000 	/System/Library/PrivateFrameworks/TrustEvaluationAgent.framework/Versions/A/TrustEvaluationAgent
0x0000000130ba3000 	/System/Library/Extensions/AppleIntelBDWGraphicsMTLDriver.bundle/Contents/MacOS/AppleIntelBDWGraphicsMTLDriver
0x000000012ee4e000 	/Library/Java/JavaVirtualMachines/jdk-10.0.2.jdk/Contents/Home/lib/libosxui.dylib
0x00007fff92abc000 	/System/Library/PrivateFrameworks/ViewBridge.framework/Versions/A/ViewBridge
0x00007fff92fc7000 	/System/Library/PrivateFrameworks/XPCService.framework/Versions/A/XPCService
0x00007fff8847f000 	/System/Library/PrivateFrameworks/AppSandbox.framework/Versions/A/AppSandbox
0x00007fff944e0000 	/usr/lib/libsandbox.1.dylib
0x00007fff88463000 	/System/Library/PrivateFrameworks/AppContainer.framework/Versions/A/AppContainer
0x00007fff90b5f000 	/System/Library/PrivateFrameworks/SecCodeWrapper.framework/Versions/A/SecCodeWrapper
0x00007fff933df000 	/usr/lib/libMatch.1.dylib


VM Arguments:
jvm_args: -Dfile.encoding=UTF-8 
java_command: MandelbrotZoom2
java_class_path (initial): /Users/yau-meng/eclipse-workspace/RecursiveTriangles/bin:/Users/yau-meng/Downloads/objectdraw.jar
Launcher Type: SUN_STANDARD

Logging:
Log output configuration:
#0: stdout all=warning uptime,level,tags
#1: stderr all=off uptime,level,tags

Environment Variables:
PATH=/usr/bin:/bin:/usr/sbin:/sbin
SHELL=/bin/bash

Signal Handlers:
SIGSEGV: [libjvm.dylib+0x79ac14], sa_mask[0]=11111111011111110111111111111111, sa_flags=SA_ONSTACK|SA_RESTART|SA_SIGINFO
SIGBUS: [libjvm.dylib+0x79ac14], sa_mask[0]=11111111011111110111111111111111, sa_flags=SA_RESTART|SA_SIGINFO
SIGFPE: [libjvm.dylib+0x79ac14], sa_mask[0]=11111111011111110111111111111111, sa_flags=SA_RESTART|SA_SIGINFO
SIGPIPE: [libjvm.dylib+0x635960], sa_mask[0]=11111111011111110111111111111111, sa_flags=SA_RESTART|SA_SIGINFO
SIGXFSZ: [libjvm.dylib+0x635960], sa_mask[0]=11111111011111110111111111111111, sa_flags=SA_RESTART|SA_SIGINFO
SIGILL: [libjvm.dylib+0x79ac14], sa_mask[0]=11111111011111110111111111111111, sa_flags=SA_RESTART|SA_SIGINFO
SIGUSR2: [libjvm.dylib+0x6361f0], sa_mask[0]=00100000000000000000000000000000, sa_flags=SA_RESTART|SA_SIGINFO
SIGHUP: [libjvm.dylib+0x6349db], sa_mask[0]=11111111011111110111111111111111, sa_flags=SA_RESTART|SA_SIGINFO
SIGINT: [libjvm.dylib+0x6349db], sa_mask[0]=11111111011111110111111111111111, sa_flags=SA_RESTART|SA_SIGINFO
SIGTERM: [libjvm.dylib+0x6349db], sa_mask[0]=11111111011111110111111111111111, sa_flags=SA_RESTART|SA_SIGINFO
SIGQUIT: [libjvm.dylib+0x6349db], sa_mask[0]=11111111011111110111111111111111, sa_flags=SA_RESTART|SA_SIGINFO


---------------  S Y S T E M  ---------------

OS:uname:Darwin 16.7.0 Darwin Kernel Version 16.7.0: Wed Feb 27 00:29:57 PST 2019; root:xnu-3789.73.43~1/RELEASE_X86_64 x86_64
rlimit: STACK 8192k, CORE 0k, NPROC 709, NOFILE 10240, AS infinity, DATA infinity, FSIZE infinity
load average:3.97 3.95 3.35

CPU:total 4 (initial active 4) (2 cores per cpu, 2 threads per core) family 6 model 61 stepping 4, cmov, cx8, fxsr, mmx, sse, sse2, sse3, ssse3, sse4.1, sse4.2, popcnt, avx, avx2, aes, clmul, erms, 3dnowpref, lzcnt, ht, tsc, tscinvbit, bmi1, bmi2, adx, fma

Memory: 4k page, physical 4194304k(29864k free)

vm_info: Java HotSpot(TM) 64-Bit Server VM (10.0.2+13) for bsd-amd64 JRE (10.0.2+13), built on Jun 28 2018 00:49:51 by "mach5one" with gcc 4.2.1 Compatible Apple LLVM 6.1.0 (clang-602.0.49)

END.
